<?xml version="1.0" encoding="UTF-8"?>
<!-- Generated by org.testng.reporters.JUnitReportReporter -->
<testsuite hostname="BDC11-L-7KKDZ93" failures="0" tests="1" name="demo.test.Test2" time="70.695" errors="0" timestamp="2021-04-27T12:55:09 IST" skipped="0">
  <testcase classname="demo.test.Test2" name="Test" time="70.695"/>
  <system-out/>
</testsuite> <!-- demo.test.Test2 -->
